Using pre-set license
Built from '2020.3/staging' branch; Version is '2020.3.13f1 (71691879b7f5) revision 7432472'; Using compiler version '192528614'; Build Type 'Release'
OS: 'Windows 10 Pro; OS build 19042.1110; Version 2009; 64bit' Language: 'pt' Physical Memory: 16326 MB
BatchMode: 1, IsHumanControllingUs: 0, StartBugReporterOnCrash: 0, Is64bit: 1, IsPro: 0

 COMMAND LINE ARGUMENTS:
C:\Program Files\Unity\Hub\Editor\2020.3.13f1\Editor\Unity.exe
-adb2
-batchMode
-noUpm
-name
AssetImportWorker0
-projectPath
C:/Users/bmene/Documents/Unity/Projetos/terraria/TerrariaGame
-logFile
Logs/AssetImportWorker0.log
-srvPort
58876
Successfully changed project path to: C:/Users/bmene/Documents/Unity/Projetos/terraria/TerrariaGame
C:/Users/bmene/Documents/Unity/Projetos/terraria/TerrariaGame
Using Asset Import Pipeline V2.
Refreshing native plugins compatible for Editor in 30.73 ms, found 3 plugins.
Preloading 0 native plugins for Editor in 0.00 ms.
Initialize engine version: 2020.3.13f1 (71691879b7f5)
[Subsystems] Discovering subsystems at path C:/Program Files/Unity/Hub/Editor/2020.3.13f1/Editor/Data/Resources/UnitySubsystems
[Subsystems] Discovering subsystems at path C:/Users/bmene/Documents/Unity/Projetos/terraria/TerrariaGame/Assets
GfxDevice: creating device client; threaded=0
Direct3D:
    Version:  Direct3D 11.0 [level 11.1]
    Renderer: NVIDIA GeForce GTX 1650 (ID=0x2188)
    Vendor:   
    VRAM:     3962 MB
    Driver:   27.21.14.6663
Initialize mono
Mono path[0] = 'C:/Program Files/Unity/Hub/Editor/2020.3.13f1/Editor/Data/Managed'
Mono path[1] = 'C:/Program Files/Unity/Hub/Editor/2020.3.13f1/Editor/Data/MonoBleedingEdge/lib/mono/unityjit'
Mono config path = 'C:/Program Files/Unity/Hub/Editor/2020.3.13f1/Editor/Data/MonoBleedingEdge/etc'
Using monoOptions --debugger-agent=transport=dt_socket,embedding=1,server=y,suspend=n,address=127.0.0.1:56504
Begin MonoManager ReloadAssembly
Registering precompiled unity dll's ...
Register platform support module: C:/Program Files/Unity/Hub/Editor/2020.3.13f1/Editor/Data/PlaybackEngines/WindowsStandaloneSupport/UnityEditor.WindowsStandalone.Extensions.dll
Registered in 0.001449 seconds.
Native extension for WindowsStandalone target not found
Refreshing native plugins compatible for Editor in 29.36 ms, found 3 plugins.
Preloading 0 native plugins for Editor in 0.00 ms.
Mono: successfully reloaded assembly
- Completed reload, in  0.767 seconds
Platform modules already initialized, skipping
Registering precompiled user dll's ...
Registered in 0.003116 seconds.
Begin MonoManager ReloadAssembly
Native extension for WindowsStandalone target not found
Refreshing native plugins compatible for Editor in 28.58 ms, found 3 plugins.
Preloading 0 native plugins for Editor in 0.00 ms.
Mono: successfully reloaded assembly
- Completed reload, in  0.719 seconds
Platform modules already initialized, skipping
========================================================================
Worker process is ready to serve import requests
Launched and connected shader compiler UnityShaderCompiler.exe after 0.03 seconds
Refreshing native plugins compatible for Editor in 0.46 ms, found 3 plugins.
Preloading 0 native plugins for Editor in 0.00 ms.
Unloading 2085 Unused Serialized files (Serialized files now loaded: 0)
System memory in use before: 92.9 MB.
System memory in use after: 92.9 MB.

Unloading 33 unused Assets to reduce memory usage. Loaded Objects now: 2518.
Total: 2.457500 ms (FindLiveObjects: 0.216200 ms CreateObjectMapping: 0.045000 ms MarkObjects: 2.083100 ms  DeleteObjects: 0.112200 ms)

AssetImportParameters requested are different than current active one (requested -> active):
  custom:framework-win-MediaFoundation: 216162199b28c13a410421893ffa2e32 -> 
  custom:video-decoder-ogg-theora: a1e56fd34408186e4bbccfd4996cb3dc -> 
  custom:container-muxer-webm: aa71ff27fc2769a1b78a27578f13a17b -> 
  custom:container-demuxer-webm: 4f35f7cbe854078d1ac9338744f61a02 -> 
  custom:container-demuxer-ogg: 62fdf1f143b41e24485cea50d1cbac27 -> 
  custom:video-encoder-webm-vp8: eb34c28f22e8b96e1ab97ce403110664 -> 
  custom:video-decoder-webm-vp8: 9c59270c3fd7afecdb556c50c9e8de78 -> 
  custom:audio-decoder-ogg-vorbis: bf7c407c2cedff20999df2af8eb42d56 -> 
  custom:audio-encoder-webm-vorbis: bf7c407c2cedff20999df2af8eb42d56 -> 
========================================================================
Received Import Request.
  path: Assets/Scenes/TerrainGeneration.cs
  artifactKey: Guid(3d40ef3d8e7b07b4aa4e4c2b82cdbc41) Importer(815301076,1909f56bfc062723c751e8b465ee728b)
Start importing Assets/Scenes/TerrainGeneration.cs using Guid(3d40ef3d8e7b07b4aa4e4c2b82cdbc41) Importer(815301076,1909f56bfc062723c751e8b465ee728b)  -> (artifact id: '3f7bc094e787efe8320712e93920b899') in 0.026780 seconds 
  Import took 0.029296 seconds .

========================================================================
Received Import Request.
  Time since last request: 322.270381 seconds.
  path: Assets/Scenes/TileClass.cs
  artifactKey: Guid(3c401a8cc6bd4a84fb5786f3516ab832) Importer(815301076,1909f56bfc062723c751e8b465ee728b)
Start importing Assets/Scenes/TileClass.cs using Guid(3c401a8cc6bd4a84fb5786f3516ab832) Importer(815301076,1909f56bfc062723c751e8b465ee728b)  -> (artifact id: 'd0828e1a532740aa50588bcadb618af3') in 0.005988 seconds 
  Import took 0.009126 seconds .

========================================================================
Received Prepare
Registering precompiled user dll's ...
Registered in 0.003128 seconds.
Begin MonoManager ReloadAssembly
Native extension for WindowsStandalone target not found
Refreshing native plugins compatible for Editor in 0.47 ms, found 3 plugins.
Preloading 0 native plugins for Editor in 0.00 ms.
Mono: successfully reloaded assembly
- Completed reload, in  0.720 seconds
Platform modules already initialized, skipping
Refreshing native plugins compatible for Editor in 0.44 ms, found 3 plugins.
Preloading 0 native plugins for Editor in 0.00 ms.
Unloading 2081 Unused Serialized files (Serialized files now loaded: 0)
System memory in use before: 92.9 MB.
System memory in use after: 92.9 MB.

Unloading 21 unused Assets to reduce memory usage. Loaded Objects now: 2523.
Total: 2.241400 ms (FindLiveObjects: 0.175200 ms CreateObjectMapping: 0.047400 ms MarkObjects: 1.949300 ms  DeleteObjects: 0.068800 ms)

AssetImportParameters requested are different than current active one (requested -> active):
  custom:framework-win-MediaFoundation: 216162199b28c13a410421893ffa2e32 -> 
  custom:video-decoder-ogg-theora: a1e56fd34408186e4bbccfd4996cb3dc -> 
  custom:container-muxer-webm: aa71ff27fc2769a1b78a27578f13a17b -> 
  custom:container-demuxer-webm: 4f35f7cbe854078d1ac9338744f61a02 -> 
  custom:container-demuxer-ogg: 62fdf1f143b41e24485cea50d1cbac27 -> 
  custom:video-encoder-webm-vp8: eb34c28f22e8b96e1ab97ce403110664 -> 
  custom:video-decoder-webm-vp8: 9c59270c3fd7afecdb556c50c9e8de78 -> 
  custom:audio-decoder-ogg-vorbis: bf7c407c2cedff20999df2af8eb42d56 -> 
  custom:audio-encoder-webm-vorbis: bf7c407c2cedff20999df2af8eb42d56 -> 
========================================================================
Received Prepare
Registering precompiled user dll's ...
Registered in 0.002903 seconds.
Begin MonoManager ReloadAssembly
Native extension for WindowsStandalone target not found
Refreshing native plugins compatible for Editor in 0.46 ms, found 3 plugins.
Preloading 0 native plugins for Editor in 0.00 ms.
Mono: successfully reloaded assembly
- Completed reload, in  0.664 seconds
Platform modules already initialized, skipping
Refreshing native plugins compatible for Editor in 0.41 ms, found 3 plugins.
Preloading 0 native plugins for Editor in 0.00 ms.
Unloading 2081 Unused Serialized files (Serialized files now loaded: 0)
System memory in use before: 93.0 MB.
System memory in use after: 92.9 MB.

Unloading 21 unused Assets to reduce memory usage. Loaded Objects now: 2527.
Total: 2.037200 ms (FindLiveObjects: 0.170700 ms CreateObjectMapping: 0.047200 ms MarkObjects: 1.760500 ms  DeleteObjects: 0.058500 ms)

AssetImportParameters requested are different than current active one (requested -> active):
  custom:framework-win-MediaFoundation: 216162199b28c13a410421893ffa2e32 -> 
  custom:video-decoder-ogg-theora: a1e56fd34408186e4bbccfd4996cb3dc -> 
  custom:container-muxer-webm: aa71ff27fc2769a1b78a27578f13a17b -> 
  custom:container-demuxer-webm: 4f35f7cbe854078d1ac9338744f61a02 -> 
  custom:container-demuxer-ogg: 62fdf1f143b41e24485cea50d1cbac27 -> 
  custom:video-encoder-webm-vp8: eb34c28f22e8b96e1ab97ce403110664 -> 
  custom:video-decoder-webm-vp8: 9c59270c3fd7afecdb556c50c9e8de78 -> 
  custom:audio-decoder-ogg-vorbis: bf7c407c2cedff20999df2af8eb42d56 -> 
  custom:audio-encoder-webm-vorbis: bf7c407c2cedff20999df2af8eb42d56 -> 
========================================================================
Received Import Request.
  Time since last request: 145.116175 seconds.
  path: Assets/Scenes/TileClass.cs
  artifactKey: Guid(3c401a8cc6bd4a84fb5786f3516ab832) Importer(815301076,1909f56bfc062723c751e8b465ee728b)
Start importing Assets/Scenes/TileClass.cs using Guid(3c401a8cc6bd4a84fb5786f3516ab832) Importer(815301076,1909f56bfc062723c751e8b465ee728b)  -> (artifact id: 'aeab1ced2cfe88981e2586b8bd3b1501') in 0.004258 seconds 
  Import took 0.006415 seconds .

========================================================================
Received Prepare
Registering precompiled user dll's ...
Registered in 0.003138 seconds.
Begin MonoManager ReloadAssembly
Native extension for WindowsStandalone target not found
Refreshing native plugins compatible for Editor in 0.45 ms, found 3 plugins.
Preloading 0 native plugins for Editor in 0.00 ms.
Mono: successfully reloaded assembly
- Completed reload, in  0.650 seconds
Platform modules already initialized, skipping
Refreshing native plugins compatible for Editor in 0.39 ms, found 3 plugins.
Preloading 0 native plugins for Editor in 0.00 ms.
Unloading 2081 Unused Serialized files (Serialized files now loaded: 0)
System memory in use before: 93.0 MB.
System memory in use after: 93.0 MB.

Unloading 21 unused Assets to reduce memory usage. Loaded Objects now: 2531.
Total: 2.016300 ms (FindLiveObjects: 0.167400 ms CreateObjectMapping: 0.047600 ms MarkObjects: 1.719600 ms  DeleteObjects: 0.080900 ms)

AssetImportParameters requested are different than current active one (requested -> active):
  custom:framework-win-MediaFoundation: 216162199b28c13a410421893ffa2e32 -> 
  custom:video-decoder-ogg-theora: a1e56fd34408186e4bbccfd4996cb3dc -> 
  custom:container-muxer-webm: aa71ff27fc2769a1b78a27578f13a17b -> 
  custom:container-demuxer-webm: 4f35f7cbe854078d1ac9338744f61a02 -> 
  custom:container-demuxer-ogg: 62fdf1f143b41e24485cea50d1cbac27 -> 
  custom:video-encoder-webm-vp8: eb34c28f22e8b96e1ab97ce403110664 -> 
  custom:video-decoder-webm-vp8: 9c59270c3fd7afecdb556c50c9e8de78 -> 
  custom:audio-decoder-ogg-vorbis: bf7c407c2cedff20999df2af8eb42d56 -> 
  custom:audio-encoder-webm-vorbis: bf7c407c2cedff20999df2af8eb42d56 -> 
========================================================================
Received Import Request.
  Time since last request: 530.544500 seconds.
  path: Assets/Scenes/Stone.asset
  artifactKey: Guid(255671aec82ef904488096e89cf666e6) Importer(815301076,1909f56bfc062723c751e8b465ee728b)
Start importing Assets/Scenes/Stone.asset using Guid(255671aec82ef904488096e89cf666e6) Importer(815301076,1909f56bfc062723c751e8b465ee728b)  -> (artifact id: '6a6e6f32778a05cada8db12abb9081d1') in 0.019108 seconds 
  Import took 0.021948 seconds .

========================================================================
Received Import Request.
  Time since last request: 7.826517 seconds.
  path: Assets/Scenes/Stone.asset
  artifactKey: Guid(255671aec82ef904488096e89cf666e6) Importer(815301076,1909f56bfc062723c751e8b465ee728b)
Start importing Assets/Scenes/Stone.asset using Guid(255671aec82ef904488096e89cf666e6) Importer(815301076,1909f56bfc062723c751e8b465ee728b)  -> (artifact id: 'fc6060a156598c86967ae87dd2a32580') in 0.002939 seconds 
  Import took 0.005579 seconds .

========================================================================
Received Prepare
Registering precompiled user dll's ...
Registered in 0.002969 seconds.
Begin MonoManager ReloadAssembly
Native extension for WindowsStandalone target not found
Refreshing native plugins compatible for Editor in 0.45 ms, found 3 plugins.
Preloading 0 native plugins for Editor in 0.00 ms.
Mono: successfully reloaded assembly
- Completed reload, in  0.660 seconds
Platform modules already initialized, skipping
Refreshing native plugins compatible for Editor in 0.43 ms, found 3 plugins.
Preloading 0 native plugins for Editor in 0.00 ms.
Unloading 2081 Unused Serialized files (Serialized files now loaded: 0)
System memory in use before: 93.0 MB.
System memory in use after: 93.0 MB.

Unloading 21 unused Assets to reduce memory usage. Loaded Objects now: 2535.
Total: 2.056800 ms (FindLiveObjects: 0.180600 ms CreateObjectMapping: 0.053000 ms MarkObjects: 1.754000 ms  DeleteObjects: 0.068600 ms)

AssetImportParameters requested are different than current active one (requested -> active):
  custom:framework-win-MediaFoundation: 216162199b28c13a410421893ffa2e32 -> 
  custom:video-decoder-ogg-theora: a1e56fd34408186e4bbccfd4996cb3dc -> 
  custom:container-muxer-webm: aa71ff27fc2769a1b78a27578f13a17b -> 
  custom:container-demuxer-webm: 4f35f7cbe854078d1ac9338744f61a02 -> 
  custom:container-demuxer-ogg: 62fdf1f143b41e24485cea50d1cbac27 -> 
  custom:video-encoder-webm-vp8: eb34c28f22e8b96e1ab97ce403110664 -> 
  custom:video-decoder-webm-vp8: 9c59270c3fd7afecdb556c50c9e8de78 -> 
  custom:audio-decoder-ogg-vorbis: bf7c407c2cedff20999df2af8eb42d56 -> 
  custom:audio-encoder-webm-vorbis: bf7c407c2cedff20999df2af8eb42d56 -> 
========================================================================
Received Import Request.
  Time since last request: 58.309399 seconds.
  path: Assets/Scenes/TileAtlas.cs
  artifactKey: Guid(fca6db84708cd6e46a0120b75b3bae10) Importer(815301076,1909f56bfc062723c751e8b465ee728b)
Start importing Assets/Scenes/TileAtlas.cs using Guid(fca6db84708cd6e46a0120b75b3bae10) Importer(815301076,1909f56bfc062723c751e8b465ee728b)  -> (artifact id: 'b65631823aea6f517d4c0bdac7dd20f0') in 0.008064 seconds 
  Import took 0.010709 seconds .

========================================================================
Received Prepare
Registering precompiled user dll's ...
Registered in 0.002824 seconds.
Begin MonoManager ReloadAssembly
Native extension for WindowsStandalone target not found
Refreshing native plugins compatible for Editor in 0.46 ms, found 3 plugins.
Preloading 0 native plugins for Editor in 0.00 ms.
Mono: successfully reloaded assembly
- Completed reload, in  0.666 seconds
Platform modules already initialized, skipping
Refreshing native plugins compatible for Editor in 0.42 ms, found 3 plugins.
Preloading 0 native plugins for Editor in 0.00 ms.
Unloading 2082 Unused Serialized files (Serialized files now loaded: 0)
System memory in use before: 93.1 MB.
System memory in use after: 93.1 MB.

Unloading 21 unused Assets to reduce memory usage. Loaded Objects now: 2540.
Total: 2.158700 ms (FindLiveObjects: 0.192100 ms CreateObjectMapping: 0.056800 ms MarkObjects: 1.822300 ms  DeleteObjects: 0.086800 ms)

AssetImportParameters requested are different than current active one (requested -> active):
  custom:framework-win-MediaFoundation: 216162199b28c13a410421893ffa2e32 -> 
  custom:video-decoder-ogg-theora: a1e56fd34408186e4bbccfd4996cb3dc -> 
  custom:container-muxer-webm: aa71ff27fc2769a1b78a27578f13a17b -> 
  custom:container-demuxer-webm: 4f35f7cbe854078d1ac9338744f61a02 -> 
  custom:container-demuxer-ogg: 62fdf1f143b41e24485cea50d1cbac27 -> 
  custom:video-encoder-webm-vp8: eb34c28f22e8b96e1ab97ce403110664 -> 
  custom:video-decoder-webm-vp8: 9c59270c3fd7afecdb556c50c9e8de78 -> 
  custom:audio-decoder-ogg-vorbis: bf7c407c2cedff20999df2af8eb42d56 -> 
  custom:audio-encoder-webm-vorbis: bf7c407c2cedff20999df2af8eb42d56 -> 
========================================================================
Received Import Request.
  Time since last request: 71.089944 seconds.
  path: Assets/Scenes/TileClass.cs
  artifactKey: Guid(3c401a8cc6bd4a84fb5786f3516ab832) Importer(815301076,1909f56bfc062723c751e8b465ee728b)
Start importing Assets/Scenes/TileClass.cs using Guid(3c401a8cc6bd4a84fb5786f3516ab832) Importer(815301076,1909f56bfc062723c751e8b465ee728b)  -> (artifact id: '4cb3cda301b67962e7809869a8d7660c') in 0.004615 seconds 
  Import took 0.007138 seconds .

========================================================================
Received Prepare
Registering precompiled user dll's ...
Registered in 0.002976 seconds.
Begin MonoManager ReloadAssembly
Native extension for WindowsStandalone target not found
Refreshing native plugins compatible for Editor in 0.47 ms, found 3 plugins.
Preloading 0 native plugins for Editor in 0.00 ms.
Mono: successfully reloaded assembly
- Completed reload, in  0.650 seconds
Platform modules already initialized, skipping
Refreshing native plugins compatible for Editor in 0.40 ms, found 3 plugins.
Preloading 0 native plugins for Editor in 0.00 ms.
Unloading 2082 Unused Serialized files (Serialized files now loaded: 0)
System memory in use before: 93.1 MB.
System memory in use after: 93.1 MB.

Unloading 21 unused Assets to reduce memory usage. Loaded Objects now: 2544.
Total: 1.951100 ms (FindLiveObjects: 0.167400 ms CreateObjectMapping: 0.050700 ms MarkObjects: 1.662600 ms  DeleteObjects: 0.069800 ms)

AssetImportParameters requested are different than current active one (requested -> active):
  custom:framework-win-MediaFoundation: 216162199b28c13a410421893ffa2e32 -> 
  custom:video-decoder-ogg-theora: a1e56fd34408186e4bbccfd4996cb3dc -> 
  custom:container-muxer-webm: aa71ff27fc2769a1b78a27578f13a17b -> 
  custom:container-demuxer-webm: 4f35f7cbe854078d1ac9338744f61a02 -> 
  custom:container-demuxer-ogg: 62fdf1f143b41e24485cea50d1cbac27 -> 
  custom:video-encoder-webm-vp8: eb34c28f22e8b96e1ab97ce403110664 -> 
  custom:video-decoder-webm-vp8: 9c59270c3fd7afecdb556c50c9e8de78 -> 
  custom:audio-decoder-ogg-vorbis: bf7c407c2cedff20999df2af8eb42d56 -> 
  custom:audio-encoder-webm-vorbis: bf7c407c2cedff20999df2af8eb42d56 -> 
========================================================================
Received Import Request.
  Time since last request: 202.433831 seconds.
  path: Assets/Scenes/TileAtlas.cs
  artifactKey: Guid(fca6db84708cd6e46a0120b75b3bae10) Importer(815301076,1909f56bfc062723c751e8b465ee728b)
Start importing Assets/Scenes/TileAtlas.cs using Guid(fca6db84708cd6e46a0120b75b3bae10) Importer(815301076,1909f56bfc062723c751e8b465ee728b)  -> (artifact id: 'b2da846d743b57d6df97b1687bba275a') in 0.007357 seconds 
  Import took 0.009609 seconds .

========================================================================
Received Import Request.
  Time since last request: 6.796452 seconds.
  path: Assets/Scenes/TileAtlas.asset
  artifactKey: Guid(4ce38c5b24808e14aa7f1fef7e41d851) Importer(815301076,1909f56bfc062723c751e8b465ee728b)
Start importing Assets/Scenes/TileAtlas.asset using Guid(4ce38c5b24808e14aa7f1fef7e41d851) Importer(815301076,1909f56bfc062723c751e8b465ee728b)  -> (artifact id: '7a9dd6892f6a6ac5a698f06f34b0dbfd') in 0.007715 seconds 
  Import took 0.010775 seconds .

========================================================================
Received Import Request.
  Time since last request: 0.000579 seconds.
  path: Assets/Scenes/TileAtlas.asset
  artifactKey: Guid(4ce38c5b24808e14aa7f1fef7e41d851) Importer(815301076,1909f56bfc062723c751e8b465ee728b)
Start importing Assets/Scenes/TileAtlas.asset using Guid(4ce38c5b24808e14aa7f1fef7e41d851) Importer(815301076,1909f56bfc062723c751e8b465ee728b)  -> (artifact id: '7a9dd6892f6a6ac5a698f06f34b0dbfd') in 0.002226 seconds 
  Import took 0.004362 seconds .

========================================================================
Received Import Request.
  Time since last request: 12.076808 seconds.
  path: Assets/Scenes/Grass.asset
  artifactKey: Guid(4cce13c37a02a844a93c8e18eb370851) Importer(815301076,1909f56bfc062723c751e8b465ee728b)
Start importing Assets/Scenes/Grass.asset using Guid(4cce13c37a02a844a93c8e18eb370851) Importer(815301076,1909f56bfc062723c751e8b465ee728b)  -> (artifact id: '075ef9e4e063f4b6481ff333154e7287') in 0.005942 seconds 
  Import took 0.008704 seconds .

========================================================================
Received Import Request.
  Time since last request: 0.007955 seconds.
  path: Assets/Scenes/Grass.asset
  artifactKey: Guid(4cce13c37a02a844a93c8e18eb370851) Importer(815301076,1909f56bfc062723c751e8b465ee728b)
Start importing Assets/Scenes/Grass.asset using Guid(4cce13c37a02a844a93c8e18eb370851) Importer(815301076,1909f56bfc062723c751e8b465ee728b)  -> (artifact id: '075ef9e4e063f4b6481ff333154e7287') in 0.002202 seconds 
  Import took 0.004745 seconds .

========================================================================
Received Import Request.
  Time since last request: 12.425048 seconds.
  path: Assets/Scenes/Dirt.asset
  artifactKey: Guid(bbe76fd88d268f843b907f9d04137710) Importer(815301076,1909f56bfc062723c751e8b465ee728b)
Start importing Assets/Scenes/Dirt.asset using Guid(bbe76fd88d268f843b907f9d04137710) Importer(815301076,1909f56bfc062723c751e8b465ee728b)  -> (artifact id: '7a2d6c69342602e60f962b1e776be530') in 0.006228 seconds 
  Import took 0.008859 seconds .

========================================================================
Received Import Request.
  Time since last request: 0.000885 seconds.
  path: Assets/Scenes/Dirt.asset
  artifactKey: Guid(bbe76fd88d268f843b907f9d04137710) Importer(815301076,1909f56bfc062723c751e8b465ee728b)
Start importing Assets/Scenes/Dirt.asset using Guid(bbe76fd88d268f843b907f9d04137710) Importer(815301076,1909f56bfc062723c751e8b465ee728b)  -> (artifact id: '7a2d6c69342602e60f962b1e776be530') in 0.001992 seconds 
  Import took 0.003742 seconds .

========================================================================
Received Import Request.
  Time since last request: 10.000653 seconds.
  path: Assets/Scenes/Log.asset
  artifactKey: Guid(618b5b94d10d77d48b6042c54a792b18) Importer(815301076,1909f56bfc062723c751e8b465ee728b)
Start importing Assets/Scenes/Log.asset using Guid(618b5b94d10d77d48b6042c54a792b18) Importer(815301076,1909f56bfc062723c751e8b465ee728b)  -> (artifact id: '2a6aebd89211f971772575f4ce6fa882') in 0.005814 seconds 
  Import took 0.008724 seconds .

========================================================================
Received Import Request.
  Time since last request: 0.003529 seconds.
  path: Assets/Scenes/Log.asset
  artifactKey: Guid(618b5b94d10d77d48b6042c54a792b18) Importer(815301076,1909f56bfc062723c751e8b465ee728b)
Start importing Assets/Scenes/Log.asset using Guid(618b5b94d10d77d48b6042c54a792b18) Importer(815301076,1909f56bfc062723c751e8b465ee728b)  -> (artifact id: '2a6aebd89211f971772575f4ce6fa882') in 0.002275 seconds 
  Import took 0.004620 seconds .

========================================================================
Received Import Request.
  Time since last request: 20.073572 seconds.
  path: Assets/Scenes/Leaf.asset
  artifactKey: Guid(04970db5876a33343a25245c179f10d1) Importer(815301076,1909f56bfc062723c751e8b465ee728b)
Start importing Assets/Scenes/Leaf.asset using Guid(04970db5876a33343a25245c179f10d1) Importer(815301076,1909f56bfc062723c751e8b465ee728b)  -> (artifact id: '48bbdc8005d7b9167dca7bf27fe44e3a') in 0.006053 seconds 
  Import took 0.008679 seconds .

========================================================================
Received Import Request.
  Time since last request: 0.000858 seconds.
  path: Assets/Scenes/Leaf.asset
  artifactKey: Guid(04970db5876a33343a25245c179f10d1) Importer(815301076,1909f56bfc062723c751e8b465ee728b)
Start importing Assets/Scenes/Leaf.asset using Guid(04970db5876a33343a25245c179f10d1) Importer(815301076,1909f56bfc062723c751e8b465ee728b)  -> (artifact id: '48bbdc8005d7b9167dca7bf27fe44e3a') in 0.002113 seconds 
  Import took 0.004447 seconds .

========================================================================
Received Import Request.
  Time since last request: 16.214166 seconds.
  path: Assets/Scenes/TileClasses
  artifactKey: Guid(78e1907e669781a44a7f80c001f8d8a8) Importer(815301076,1909f56bfc062723c751e8b465ee728b)
Start importing Assets/Scenes/TileClasses using Guid(78e1907e669781a44a7f80c001f8d8a8) Importer(815301076,1909f56bfc062723c751e8b465ee728b)  -> (artifact id: 'd87f247ef45625d57df581c3cd840cd4') in 0.005038 seconds 
  Import took 0.007679 seconds .

========================================================================
Received Import Request.
  Time since last request: 26.404917 seconds.
  path: Assets/Scenes/TileClasses/TileAtlas.asset
  artifactKey: Guid(4ce38c5b24808e14aa7f1fef7e41d851) Importer(815301076,1909f56bfc062723c751e8b465ee728b)
Start importing Assets/Scenes/TileClasses/TileAtlas.asset using Guid(4ce38c5b24808e14aa7f1fef7e41d851) Importer(815301076,1909f56bfc062723c751e8b465ee728b)  -> (artifact id: 'd4cd54046d0ba08ed76b62cb8a2dc12f') in 0.003498 seconds 
  Import took 0.006045 seconds .

========================================================================
Received Import Request.
  Time since last request: 10.743307 seconds.
  path: Assets/Scenes/TileClasses/Dirt.asset
  artifactKey: Guid(bbe76fd88d268f843b907f9d04137710) Importer(815301076,1909f56bfc062723c751e8b465ee728b)
Start importing Assets/Scenes/TileClasses/Dirt.asset using Guid(bbe76fd88d268f843b907f9d04137710) Importer(815301076,1909f56bfc062723c751e8b465ee728b)  -> (artifact id: 'e610241a08262be5caa95c1982a591dd') in 0.002513 seconds 
  Import took 0.004995 seconds .

========================================================================
Received Import Request.
  Time since last request: 10.647695 seconds.
  path: Assets/Scenes/TileClasses/Grass.asset
  artifactKey: Guid(4cce13c37a02a844a93c8e18eb370851) Importer(815301076,1909f56bfc062723c751e8b465ee728b)
Start importing Assets/Scenes/TileClasses/Grass.asset using Guid(4cce13c37a02a844a93c8e18eb370851) Importer(815301076,1909f56bfc062723c751e8b465ee728b)  -> (artifact id: 'aa8aa091c48989620ad9f85b8150535e') in 0.002498 seconds 
  Import took 0.005360 seconds .

